<?xml version="1.0" encoding="UTF-8"?>
<!-- Generated by org.testng.reporters.JUnitXMLReporter -->
<testsuite ignored="0" hostname="LAPTOP-03NGPKIU" failures="0" tests="3" name="TestInChrome" time="23.637" errors="0" timestamp="2022-06-27T11:36:57 EDT">
  <testcase classname="testCases.TreeTest2" name="ovrvwOfTreesPage" time="2.488"/>
  <testcase classname="testCases.TreeTest2" name="terminologiesPage" time="2.434"/>
  <testcase classname="testCases.TreeTest2" name="terminologiesPage" time="7.697"/>
</testsuite> <!-- TestInChrome -->
