<html>
<head>
<title>TestNG:  Test</title>
<link href="../testng.css" rel="stylesheet" type="text/css" />
<link href="../my-testng.css" rel="stylesheet" type="text/css" />

<style type="text/css">
.log { display: none;} 
.stack-trace { display: none;} 
</style>
<script type="text/javascript">
<!--
function flip(e) {
  current = e.style.display;
  if (current == 'block') {
    e.style.display = 'none';
    return 0;
  }
  else {
    e.style.display = 'block';
    return 1;
  }
}

function toggleBox(szDivId, elem, msg1, msg2)
{
  var res = -1;  if (document.getElementById) {
    res = flip(document.getElementById(szDivId));
  }
  else if (document.all) {
    // this is the way old msie versions work
    res = flip(document.all[szDivId]);
  }
  if(elem) {
    if(res == 0) elem.innerHTML = msg1; else elem.innerHTML = msg2;
  }

}

function toggleAllBoxes() {
  if (document.getElementsByTagName) {
    d = document.getElementsByTagName('div');
    for (i = 0; i < d.length; i++) {
      if (d[i].className == 'log') {
        flip(d[i]);
      }
    }
  }
}

// -->
</script>

</head>
<body>
<h2 align='center'>Test</h2><table border='1' align="center">
<tr>
<td>Tests passed/Failed/Skipped:</td><td>46/5/0</td>
</tr><tr>
<td>Started on:</td><td>Mon Jun 27 15:45:56 EDT 2022</td>
</tr>
<tr><td>Total time:</td><td>235 seconds (235240 ms)</td>
</tr><tr>
<td>Included groups:</td><td></td>
</tr><tr>
<td>Excluded groups:</td><td></td>
</tr>
</table><p/>
<small><i>(Hover the method name to see the test class name)</i></small><p/>
<table width='100%' border='1' class='invocation-failed'>
<tr><td colspan='4' align='center'><b>FAILED TESTS</b></td></tr>
<tr><td><b>Test method</b></td>
<td width="30%"><b>Exception</b></td>
<td width="10%"><b>Time (seconds)</b></td>
<td><b>Instance</b></td>
</tr>
<tr>
<td title='testCases.RegistrationTest.pwdsOnlyNumErrrMasg()'><b>pwdsOnlyNumErrrMasg</b><br>Test class: testCases.RegistrationTest<br>Parameters: pk@mail.com, 1.23456789E8, 1.23456789E8</td>
<td><div><pre>java.lang.AssertionError: expected [Your password can’t be entirely numeric.] but found [password_mismatch:The two password fields didn’t match.]
	at testCases.RegistrationTest.pwdsOnlyNumErrrMasg(RegistrationTest.java:177)
	at java.base/java.util.ArrayList.forEach(ArrayList.java:1511)
... Removed 37 stack frames</pre></div><a href='#' onClick='toggleBox("stack-trace1512546454", this, "Click to show all stack frames", "Click to hide stack frames")'>Click to show all stack frames</a>
<div class='stack-trace' id='stack-trace1512546454'><pre>java.lang.AssertionError: expected [Your password can’t be entirely numeric.] but found [password_mismatch:The two password fields didn’t match.]
	at org.testng.Assert.fail(Assert.java:99)
	at org.testng.Assert.failNotEquals(Assert.java:1037)
	at org.testng.Assert.assertEqualsImpl(Assert.java:140)
	at org.testng.Assert.assertEquals(Assert.java:122)
	at org.testng.Assert.assertEquals(Assert.java:629)
	at org.testng.Assert.assertEquals(Assert.java:639)
	at testCases.RegistrationTest.pwdsOnlyNumErrrMasg(RegistrationTest.java:177)
	at java.base/jdk.internal.reflect.NativeMethodAccessorImpl.invoke0(Native Method)
	at java.base/jdk.internal.reflect.NativeMethodAccessorImpl.invoke(NativeMethodAccessorImpl.java:77)
	at java.base/jdk.internal.reflect.DelegatingMethodAccessorImpl.invoke(DelegatingMethodAccessorImpl.java:43)
	at java.base/java.lang.reflect.Method.invoke(Method.java:568)
	at org.testng.internal.MethodInvocationHelper.invokeMethod(MethodInvocationHelper.java:133)
	at org.testng.internal.TestInvoker.invokeMethod(TestInvoker.java:598)
	at org.testng.internal.TestInvoker.invokeTestMethod(TestInvoker.java:173)
	at org.testng.internal.MethodRunner.runInSequence(MethodRunner.java:46)
	at org.testng.internal.TestInvoker$MethodInvocationAgent.invoke(TestInvoker.java:824)
	at org.testng.internal.TestInvoker.invokeTestMethods(TestInvoker.java:146)
	at org.testng.internal.TestMethodWorker.invokeTestMethods(TestMethodWorker.java:146)
	at org.testng.internal.TestMethodWorker.run(TestMethodWorker.java:128)
	at java.base/java.util.ArrayList.forEach(ArrayList.java:1511)
	at org.testng.TestRunner.privateRun(TestRunner.java:794)
	at org.testng.TestRunner.run(TestRunner.java:596)
	at org.testng.SuiteRunner.runTest(SuiteRunner.java:377)
	at org.testng.SuiteRunner.runSequentially(SuiteRunner.java:371)
	at org.testng.SuiteRunner.privateRun(SuiteRunner.java:332)
	at org.testng.SuiteRunner.run(SuiteRunner.java:276)
	at org.testng.SuiteRunnerWorker.runSuite(SuiteRunnerWorker.java:53)
	at org.testng.SuiteRunnerWorker.run(SuiteRunnerWorker.java:96)
	at org.testng.TestNG.runSuitesSequentially(TestNG.java:1212)
	at org.testng.TestNG.runSuitesLocally(TestNG.java:1134)
	at org.testng.TestNG.runSuites(TestNG.java:1063)
	at org.testng.TestNG.run(TestNG.java:1031)
	at org.apache.maven.surefire.testng.TestNGExecutor.run(TestNGExecutor.java:283)
	at org.apache.maven.surefire.testng.TestNGXmlTestSuite.execute(TestNGXmlTestSuite.java:75)
	at org.apache.maven.surefire.testng.TestNGProvider.invoke(TestNGProvider.java:120)
	at org.apache.maven.surefire.booter.ForkedBooter.runSuitesInProcess(ForkedBooter.java:377)
	at org.apache.maven.surefire.booter.ForkedBooter.execute(ForkedBooter.java:138)
	at org.apache.maven.surefire.booter.ForkedBooter.run(ForkedBooter.java:465)
	at org.apache.maven.surefire.booter.ForkedBooter.main(ForkedBooter.java:451)
</pre></div></td>
<td>2</td>
<td>testCases.RegistrationTest@cfbc8e8</td></tr>
<tr>
<td title='testCases.SignInTest.signInWithvalidUnameInvalidPwd()'><b>signInWithvalidUnameInvalidPwd</b><br>Test class: testCases.SignInTest<br>Parameters: Dsalgo_Proj, group@pssu</td>
<td><div><pre>java.lang.AssertionError: expected [Please check your password] but found [Invalid Username and Password]
	at testCases.SignInTest.signInWithvalidUnameInvalidPwd(SignInTest.java:77)
	at java.base/java.util.ArrayList.forEach(ArrayList.java:1511)
... Removed 37 stack frames</pre></div><a href='#' onClick='toggleBox("stack-trace1506480352", this, "Click to show all stack frames", "Click to hide stack frames")'>Click to show all stack frames</a>
<div class='stack-trace' id='stack-trace1506480352'><pre>java.lang.AssertionError: expected [Please check your password] but found [Invalid Username and Password]
	at org.testng.Assert.fail(Assert.java:99)
	at org.testng.Assert.failNotEquals(Assert.java:1037)
	at org.testng.Assert.assertEqualsImpl(Assert.java:140)
	at org.testng.Assert.assertEquals(Assert.java:122)
	at org.testng.Assert.assertEquals(Assert.java:629)
	at org.testng.Assert.assertEquals(Assert.java:639)
	at testCases.SignInTest.signInWithvalidUnameInvalidPwd(SignInTest.java:77)
	at java.base/jdk.internal.reflect.NativeMethodAccessorImpl.invoke0(Native Method)
	at java.base/jdk.internal.reflect.NativeMethodAccessorImpl.invoke(NativeMethodAccessorImpl.java:77)
	at java.base/jdk.internal.reflect.DelegatingMethodAccessorImpl.invoke(DelegatingMethodAccessorImpl.java:43)
	at java.base/java.lang.reflect.Method.invoke(Method.java:568)
	at org.testng.internal.MethodInvocationHelper.invokeMethod(MethodInvocationHelper.java:133)
	at org.testng.internal.TestInvoker.invokeMethod(TestInvoker.java:598)
	at org.testng.internal.TestInvoker.invokeTestMethod(TestInvoker.java:173)
	at org.testng.internal.MethodRunner.runInSequence(MethodRunner.java:46)
	at org.testng.internal.TestInvoker$MethodInvocationAgent.invoke(TestInvoker.java:824)
	at org.testng.internal.TestInvoker.invokeTestMethods(TestInvoker.java:146)
	at org.testng.internal.TestMethodWorker.invokeTestMethods(TestMethodWorker.java:146)
	at org.testng.internal.TestMethodWorker.run(TestMethodWorker.java:128)
	at java.base/java.util.ArrayList.forEach(ArrayList.java:1511)
	at org.testng.TestRunner.privateRun(TestRunner.java:794)
	at org.testng.TestRunner.run(TestRunner.java:596)
	at org.testng.SuiteRunner.runTest(SuiteRunner.java:377)
	at org.testng.SuiteRunner.runSequentially(SuiteRunner.java:371)
	at org.testng.SuiteRunner.privateRun(SuiteRunner.java:332)
	at org.testng.SuiteRunner.run(SuiteRunner.java:276)
	at org.testng.SuiteRunnerWorker.runSuite(SuiteRunnerWorker.java:53)
	at org.testng.SuiteRunnerWorker.run(SuiteRunnerWorker.java:96)
	at org.testng.TestNG.runSuitesSequentially(TestNG.java:1212)
	at org.testng.TestNG.runSuitesLocally(TestNG.java:1134)
	at org.testng.TestNG.runSuites(TestNG.java:1063)
	at org.testng.TestNG.run(TestNG.java:1031)
	at org.apache.maven.surefire.testng.TestNGExecutor.run(TestNGExecutor.java:283)
	at org.apache.maven.surefire.testng.TestNGXmlTestSuite.execute(TestNGXmlTestSuite.java:75)
	at org.apache.maven.surefire.testng.TestNGProvider.invoke(TestNGProvider.java:120)
	at org.apache.maven.surefire.booter.ForkedBooter.runSuitesInProcess(ForkedBooter.java:377)
	at org.apache.maven.surefire.booter.ForkedBooter.execute(ForkedBooter.java:138)
	at org.apache.maven.surefire.booter.ForkedBooter.run(ForkedBooter.java:465)
	at org.apache.maven.surefire.booter.ForkedBooter.main(ForkedBooter.java:451)
</pre></div></td>
<td>3</td>
<td>testCases.SignInTest@1aa99005</td></tr>
<tr>
<td title='testCases.RegistrationTest.userNamewithNACharcters()'><b>userNamewithNACharcters</b><br>Test class: testCases.RegistrationTest<br>Parameters: PK##@mail.com, abcd12345, abcd12345</td>
<td><div><pre>java.lang.AssertionError: expected [Please enter a valid username] but found [password_mismatch:The two password fields didn’t match.]
	at testCases.RegistrationTest.userNamewithNACharcters(RegistrationTest.java:206)
	at java.base/java.util.ArrayList.forEach(ArrayList.java:1511)
... Removed 37 stack frames</pre></div><a href='#' onClick='toggleBox("stack-trace314915262", this, "Click to show all stack frames", "Click to hide stack frames")'>Click to show all stack frames</a>
<div class='stack-trace' id='stack-trace314915262'><pre>java.lang.AssertionError: expected [Please enter a valid username] but found [password_mismatch:The two password fields didn’t match.]
	at org.testng.Assert.fail(Assert.java:99)
	at org.testng.Assert.failNotEquals(Assert.java:1037)
	at org.testng.Assert.assertEqualsImpl(Assert.java:140)
	at org.testng.Assert.assertEquals(Assert.java:122)
	at org.testng.Assert.assertEquals(Assert.java:629)
	at org.testng.Assert.assertEquals(Assert.java:639)
	at testCases.RegistrationTest.userNamewithNACharcters(RegistrationTest.java:206)
	at java.base/jdk.internal.reflect.NativeMethodAccessorImpl.invoke0(Native Method)
	at java.base/jdk.internal.reflect.NativeMethodAccessorImpl.invoke(NativeMethodAccessorImpl.java:77)
	at java.base/jdk.internal.reflect.DelegatingMethodAccessorImpl.invoke(DelegatingMethodAccessorImpl.java:43)
	at java.base/java.lang.reflect.Method.invoke(Method.java:568)
	at org.testng.internal.MethodInvocationHelper.invokeMethod(MethodInvocationHelper.java:133)
	at org.testng.internal.TestInvoker.invokeMethod(TestInvoker.java:598)
	at org.testng.internal.TestInvoker.invokeTestMethod(TestInvoker.java:173)
	at org.testng.internal.MethodRunner.runInSequence(MethodRunner.java:46)
	at org.testng.internal.TestInvoker$MethodInvocationAgent.invoke(TestInvoker.java:824)
	at org.testng.internal.TestInvoker.invokeTestMethods(TestInvoker.java:146)
	at org.testng.internal.TestMethodWorker.invokeTestMethods(TestMethodWorker.java:146)
	at org.testng.internal.TestMethodWorker.run(TestMethodWorker.java:128)
	at java.base/java.util.ArrayList.forEach(ArrayList.java:1511)
	at org.testng.TestRunner.privateRun(TestRunner.java:794)
	at org.testng.TestRunner.run(TestRunner.java:596)
	at org.testng.SuiteRunner.runTest(SuiteRunner.java:377)
	at org.testng.SuiteRunner.runSequentially(SuiteRunner.java:371)
	at org.testng.SuiteRunner.privateRun(SuiteRunner.java:332)
	at org.testng.SuiteRunner.run(SuiteRunner.java:276)
	at org.testng.SuiteRunnerWorker.runSuite(SuiteRunnerWorker.java:53)
	at org.testng.SuiteRunnerWorker.run(SuiteRunnerWorker.java:96)
	at org.testng.TestNG.runSuitesSequentially(TestNG.java:1212)
	at org.testng.TestNG.runSuitesLocally(TestNG.java:1134)
	at org.testng.TestNG.runSuites(TestNG.java:1063)
	at org.testng.TestNG.run(TestNG.java:1031)
	at org.apache.maven.surefire.testng.TestNGExecutor.run(TestNGExecutor.java:283)
	at org.apache.maven.surefire.testng.TestNGXmlTestSuite.execute(TestNGXmlTestSuite.java:75)
	at org.apache.maven.surefire.testng.TestNGProvider.invoke(TestNGProvider.java:120)
	at org.apache.maven.surefire.booter.ForkedBooter.runSuitesInProcess(ForkedBooter.java:377)
	at org.apache.maven.surefire.booter.ForkedBooter.execute(ForkedBooter.java:138)
	at org.apache.maven.surefire.booter.ForkedBooter.run(ForkedBooter.java:465)
	at org.apache.maven.surefire.booter.ForkedBooter.main(ForkedBooter.java:451)
</pre></div></td>
<td>1</td>
<td>testCases.RegistrationTest@cfbc8e8</td></tr>
<tr>
<td title='testCases.SignInTest.signInWithInvalidUnamevalidPwd()'><b>signInWithInvalidUnamevalidPwd</b><br>Test class: testCases.SignInTest<br>Parameters: Dsalgo_Proj, group@pssu</td>
<td><div><pre>java.lang.AssertionError: expected [Please check your user id] but found [Invalid Username and Password]
	at testCases.SignInTest.signInWithInvalidUnamevalidPwd(SignInTest.java:100)
	at java.base/java.util.ArrayList.forEach(ArrayList.java:1511)
... Removed 37 stack frames</pre></div><a href='#' onClick='toggleBox("stack-trace1938841087", this, "Click to show all stack frames", "Click to hide stack frames")'>Click to show all stack frames</a>
<div class='stack-trace' id='stack-trace1938841087'><pre>java.lang.AssertionError: expected [Please check your user id] but found [Invalid Username and Password]
	at org.testng.Assert.fail(Assert.java:99)
	at org.testng.Assert.failNotEquals(Assert.java:1037)
	at org.testng.Assert.assertEqualsImpl(Assert.java:140)
	at org.testng.Assert.assertEquals(Assert.java:122)
	at org.testng.Assert.assertEquals(Assert.java:629)
	at org.testng.Assert.assertEquals(Assert.java:639)
	at testCases.SignInTest.signInWithInvalidUnamevalidPwd(SignInTest.java:100)
	at java.base/jdk.internal.reflect.NativeMethodAccessorImpl.invoke0(Native Method)
	at java.base/jdk.internal.reflect.NativeMethodAccessorImpl.invoke(NativeMethodAccessorImpl.java:77)
	at java.base/jdk.internal.reflect.DelegatingMethodAccessorImpl.invoke(DelegatingMethodAccessorImpl.java:43)
	at java.base/java.lang.reflect.Method.invoke(Method.java:568)
	at org.testng.internal.MethodInvocationHelper.invokeMethod(MethodInvocationHelper.java:133)
	at org.testng.internal.TestInvoker.invokeMethod(TestInvoker.java:598)
	at org.testng.internal.TestInvoker.invokeTestMethod(TestInvoker.java:173)
	at org.testng.internal.MethodRunner.runInSequence(MethodRunner.java:46)
	at org.testng.internal.TestInvoker$MethodInvocationAgent.invoke(TestInvoker.java:824)
	at org.testng.internal.TestInvoker.invokeTestMethods(TestInvoker.java:146)
	at org.testng.internal.TestMethodWorker.invokeTestMethods(TestMethodWorker.java:146)
	at org.testng.internal.TestMethodWorker.run(TestMethodWorker.java:128)
	at java.base/java.util.ArrayList.forEach(ArrayList.java:1511)
	at org.testng.TestRunner.privateRun(TestRunner.java:794)
	at org.testng.TestRunner.run(TestRunner.java:596)
	at org.testng.SuiteRunner.runTest(SuiteRunner.java:377)
	at org.testng.SuiteRunner.runSequentially(SuiteRunner.java:371)
	at org.testng.SuiteRunner.privateRun(SuiteRunner.java:332)
	at org.testng.SuiteRunner.run(SuiteRunner.java:276)
	at org.testng.SuiteRunnerWorker.runSuite(SuiteRunnerWorker.java:53)
	at org.testng.SuiteRunnerWorker.run(SuiteRunnerWorker.java:96)
	at org.testng.TestNG.runSuitesSequentially(TestNG.java:1212)
	at org.testng.TestNG.runSuitesLocally(TestNG.java:1134)
	at org.testng.TestNG.runSuites(TestNG.java:1063)
	at org.testng.TestNG.run(TestNG.java:1031)
	at org.apache.maven.surefire.testng.TestNGExecutor.run(TestNGExecutor.java:283)
	at org.apache.maven.surefire.testng.TestNGXmlTestSuite.execute(TestNGXmlTestSuite.java:75)
	at org.apache.maven.surefire.testng.TestNGProvider.invoke(TestNGProvider.java:120)
	at org.apache.maven.surefire.booter.ForkedBooter.runSuitesInProcess(ForkedBooter.java:377)
	at org.apache.maven.surefire.booter.ForkedBooter.execute(ForkedBooter.java:138)
	at org.apache.maven.surefire.booter.ForkedBooter.run(ForkedBooter.java:465)
	at org.apache.maven.surefire.booter.ForkedBooter.main(ForkedBooter.java:451)
</pre></div></td>
<td>3</td>
<td>testCases.SignInTest@1aa99005</td></tr>
<tr>
<td title='testCases.RegistrationTest.pwdsLT8CharErrrMasg()'><b>pwdsLT8CharErrrMasg</b><br>Test class: testCases.RegistrationTest<br>Parameters: PK99@mail.com, abc123, abc123</td>
<td><div><pre>java.lang.AssertionError: expected [Password should contain atleast 8 characters] but found [password_mismatch:The two password fields didn’t match.]
	at testCases.RegistrationTest.pwdsLT8CharErrrMasg(RegistrationTest.java:264)
	at java.base/java.util.ArrayList.forEach(ArrayList.java:1511)
... Removed 37 stack frames</pre></div><a href='#' onClick='toggleBox("stack-trace27576395", this, "Click to show all stack frames", "Click to hide stack frames")'>Click to show all stack frames</a>
<div class='stack-trace' id='stack-trace27576395'><pre>java.lang.AssertionError: expected [Password should contain atleast 8 characters] but found [password_mismatch:The two password fields didn’t match.]
	at org.testng.Assert.fail(Assert.java:99)
	at org.testng.Assert.failNotEquals(Assert.java:1037)
	at org.testng.Assert.assertEqualsImpl(Assert.java:140)
	at org.testng.Assert.assertEquals(Assert.java:122)
	at org.testng.Assert.assertEquals(Assert.java:629)
	at org.testng.Assert.assertEquals(Assert.java:639)
	at testCases.RegistrationTest.pwdsLT8CharErrrMasg(RegistrationTest.java:264)
	at java.base/jdk.internal.reflect.NativeMethodAccessorImpl.invoke0(Native Method)
	at java.base/jdk.internal.reflect.NativeMethodAccessorImpl.invoke(NativeMethodAccessorImpl.java:77)
	at java.base/jdk.internal.reflect.DelegatingMethodAccessorImpl.invoke(DelegatingMethodAccessorImpl.java:43)
	at java.base/java.lang.reflect.Method.invoke(Method.java:568)
	at org.testng.internal.MethodInvocationHelper.invokeMethod(MethodInvocationHelper.java:133)
	at org.testng.internal.TestInvoker.invokeMethod(TestInvoker.java:598)
	at org.testng.internal.TestInvoker.invokeTestMethod(TestInvoker.java:173)
	at org.testng.internal.MethodRunner.runInSequence(MethodRunner.java:46)
	at org.testng.internal.TestInvoker$MethodInvocationAgent.invoke(TestInvoker.java:824)
	at org.testng.internal.TestInvoker.invokeTestMethods(TestInvoker.java:146)
	at org.testng.internal.TestMethodWorker.invokeTestMethods(TestMethodWorker.java:146)
	at org.testng.internal.TestMethodWorker.run(TestMethodWorker.java:128)
	at java.base/java.util.ArrayList.forEach(ArrayList.java:1511)
	at org.testng.TestRunner.privateRun(TestRunner.java:794)
	at org.testng.TestRunner.run(TestRunner.java:596)
	at org.testng.SuiteRunner.runTest(SuiteRunner.java:377)
	at org.testng.SuiteRunner.runSequentially(SuiteRunner.java:371)
	at org.testng.SuiteRunner.privateRun(SuiteRunner.java:332)
	at org.testng.SuiteRunner.run(SuiteRunner.java:276)
	at org.testng.SuiteRunnerWorker.runSuite(SuiteRunnerWorker.java:53)
	at org.testng.SuiteRunnerWorker.run(SuiteRunnerWorker.java:96)
	at org.testng.TestNG.runSuitesSequentially(TestNG.java:1212)
	at org.testng.TestNG.runSuitesLocally(TestNG.java:1134)
	at org.testng.TestNG.runSuites(TestNG.java:1063)
	at org.testng.TestNG.run(TestNG.java:1031)
	at org.apache.maven.surefire.testng.TestNGExecutor.run(TestNGExecutor.java:283)
	at org.apache.maven.surefire.testng.TestNGXmlTestSuite.execute(TestNGXmlTestSuite.java:75)
	at org.apache.maven.surefire.testng.TestNGProvider.invoke(TestNGProvider.java:120)
	at org.apache.maven.surefire.booter.ForkedBooter.runSuitesInProcess(ForkedBooter.java:377)
	at org.apache.maven.surefire.booter.ForkedBooter.execute(ForkedBooter.java:138)
	at org.apache.maven.surefire.booter.ForkedBooter.run(ForkedBooter.java:465)
	at org.apache.maven.surefire.booter.ForkedBooter.main(ForkedBooter.java:451)
</pre></div></td>
<td>1</td>
<td>testCases.RegistrationTest@cfbc8e8</td></tr>
</table><p>
<table width='100%' border='1' class='invocation-passed'>
<tr><td colspan='4' align='center'><b>PASSED TESTS</b></td></tr>
<tr><td><b>Test method</b></td>
<td width="30%"><b>Exception</b></td>
<td width="10%"><b>Time (seconds)</b></td>
<td><b>Instance</b></td>
</tr>
<tr>
<td title='testCases.QueuePageTest.ImplementationUsingArray()'><b>ImplementationUsingArray</b><br>Test class: testCases.QueuePageTest</td>
<td></td>
<td>2</td>
<td>testCases.QueuePageTest@1cc9cfb2</td></tr>
<tr>
<td title='testCases.GraphTest.GraphRepreOngraphPageURL()'><b>GraphRepreOngraphPageURL</b><br>Test class: testCases.GraphTest</td>
<td></td>
<td>2</td>
<td>testCases.GraphTest@14f3c6fc</td></tr>
<tr>
<td title='testCases.StackPageTest.operationInStackPage()'><b>operationInStackPage</b><br>Test class: testCases.StackPageTest<br>Parameters: print "python", python</td>
<td></td>
<td>1</td>
<td>testCases.StackPageTest@16073fa8</td></tr>
<tr>
<td title='testCases.StackPageTest.stackPageURL()'><b>stackPageURL</b><br>Test class: testCases.StackPageTest</td>
<td></td>
<td>0</td>
<td>testCases.StackPageTest@16073fa8</td></tr>
<tr>
<td title='testCases.QueuePageTest.QueueOperation()'><b>QueueOperation</b><br>Test class: testCases.QueuePageTest</td>
<td></td>
<td>1</td>
<td>testCases.QueuePageTest@1cc9cfb2</td></tr>
<tr>
<td title='testCases.TreeTest.binaryTreesPage()'><b>binaryTreesPage</b><br>Test class: testCases.TreeTest</td>
<td></td>
<td>1</td>
<td>testCases.TreeTest@5cdf39b2</td></tr>
<tr>
<td title='testCases.TreeTest.terminologiesPage()'><b>terminologiesPage</b><br>Test class: testCases.TreeTest<br>Parameters: print "python", python</td>
<td></td>
<td>2</td>
<td>testCases.TreeTest@5cdf39b2</td></tr>
<tr>
<td title='testCases.QueuePageTest.ImplementationOfQueueinPython()'><b>ImplementationOfQueueinPython</b><br>Test class: testCases.QueuePageTest<br>Parameters: print "python", python</td>
<td></td>
<td>1</td>
<td>testCases.QueuePageTest@1cc9cfb2</td></tr>
<tr>
<td title='testCases.StackPageTest.implementationInStackPage()'><b>implementationInStackPage</b><br>Test class: testCases.StackPageTest</td>
<td></td>
<td>1</td>
<td>testCases.StackPageTest@16073fa8</td></tr>
<tr>
<td title='testCases.RegistrationTest.registerPageURL()'><b>registerPageURL</b><br>Test class: testCases.RegistrationTest</td>
<td></td>
<td>0</td>
<td>testCases.RegistrationTest@cfbc8e8</td></tr>
<tr>
<td title='testCases.SignInTest.signOut()'><b>signOut</b><br>Test class: testCases.SignInTest<br>Parameters: Dsalgo_Proj, group@pssu</td>
<td></td>
<td>3</td>
<td>testCases.SignInTest@1aa99005</td></tr>
<tr>
<td title='testCases.TreeTest.pracQuestionsPage()'><b>pracQuestionsPage</b><br>Test class: testCases.TreeTest</td>
<td></td>
<td>0</td>
<td>testCases.TreeTest@5cdf39b2</td></tr>
<tr>
<td title='testCases.GraphTest.TryHereGraphrepresenationOngraphPageURL()'><b>TryHereGraphrepresenationOngraphPageURL</b><br>Test class: testCases.GraphTest</td>
<td></td>
<td>4</td>
<td>testCases.GraphTest@14f3c6fc</td></tr>
<tr>
<td title='testCases.QueuePageTest.QueuePageURL()'><b>QueuePageURL</b><br>Test class: testCases.QueuePageTest</td>
<td></td>
<td>0</td>
<td>testCases.QueuePageTest@1cc9cfb2</td></tr>
<tr>
<td title='testCases.LinkedListTest.implLlistInPyPage()'><b>implLlistInPyPage</b><br>Test class: testCases.LinkedListTest</td>
<td></td>
<td>2</td>
<td>testCases.LinkedListTest@a20b94b</td></tr>
<tr>
<td title='testCases.RegistrationTest.usernameHovermsg()'><b>usernameHovermsg</b><br>Test class: testCases.RegistrationTest</td>
<td></td>
<td>2</td>
<td>testCases.RegistrationTest@cfbc8e8</td></tr>
<tr>
<td title='testCases.SignInTest.signInWithvalidUnameAndPwd()'><b>signInWithvalidUnameAndPwd</b><br>Test class: testCases.SignInTest<br>Parameters: Dsalgo_Proj, group@pssu</td>
<td></td>
<td>3</td>
<td>testCases.SignInTest@1aa99005</td></tr>
<tr>
<td title='testCases.LinkedListTest.deletionPage()'><b>deletionPage</b><br>Test class: testCases.LinkedListTest</td>
<td></td>
<td>2</td>
<td>testCases.LinkedListTest@a20b94b</td></tr>
<tr>
<td title='testCases.TreeTest.typesOfTreesPage()'><b>typesOfTreesPage</b><br>Test class: testCases.TreeTest</td>
<td></td>
<td>1</td>
<td>testCases.TreeTest@5cdf39b2</td></tr>
<tr>
<td title='testCases.LinkedListTest.insertionPage()'><b>insertionPage</b><br>Test class: testCases.LinkedListTest</td>
<td></td>
<td>1</td>
<td>testCases.LinkedListTest@a20b94b</td></tr>
<tr>
<td title='testCases.TreeTest.travIllustartionPage()'><b>travIllustartionPage</b><br>Test class: testCases.TreeTest</td>
<td></td>
<td>0</td>
<td>testCases.TreeTest@5cdf39b2</td></tr>
<tr>
<td title='testCases.ArrayTest.arraypython()'><b>arraypython</b><br>Test class: testCases.ArrayTest</td>
<td></td>
<td>2</td>
<td>testCases.ArrayTest@3cd59ef5</td></tr>
<tr>
<td title='testCases.LinkedListTest.creatingLlistpage()'><b>creatingLlistpage</b><br>Test class: testCases.LinkedListTest<br>Parameters: print "python", python</td>
<td></td>
<td>3</td>
<td>testCases.LinkedListTest@a20b94b</td></tr>
<tr>
<td title='testCases.LinkedListTest.introductionpage()'><b>introductionpage</b><br>Test class: testCases.LinkedListTest</td>
<td></td>
<td>4</td>
<td>testCases.LinkedListTest@a20b94b</td></tr>
<tr>
<td title='testCases.StackPageTest.operationInStackPage()'><b>operationInStackPage</b><br>Test class: testCases.StackPageTest<br>Parameters: print "hello", hello</td>
<td></td>
<td>1</td>
<td>testCases.StackPageTest@16073fa8</td></tr>
<tr>
<td title='testCases.GraphTest.graphPageURL()'><b>graphPageURL</b><br>Test class: testCases.GraphTest</td>
<td></td>
<td>2</td>
<td>testCases.GraphTest@14f3c6fc</td></tr>
<tr>
<td title='testCases.QueuePageTest.ImplementationOfQueueinPython()'><b>ImplementationOfQueueinPython</b><br>Test class: testCases.QueuePageTest<br>Parameters: print "hello", hello</td>
<td></td>
<td>2</td>
<td>testCases.QueuePageTest@1cc9cfb2</td></tr>
<tr>
<td title='testCases.RegistrationTest.RegistreTest()'><b>RegistreTest</b><br>Test class: testCases.RegistrationTest<br>Parameters: uma13@mail.com, number33, number33</td>
<td></td>
<td>3</td>
<td>testCases.RegistrationTest@cfbc8e8</td></tr>
<tr>
<td title='testCases.DataStructTest.clciktimecomplex()'><b>clciktimecomplex</b><br>Test class: testCases.DataStructTest</td>
<td></td>
<td>0</td>
<td>testCases.DataStructTest@33b082c5</td></tr>
<tr>
<td title='testCases.SignInTest.signInWithvalidUnameNoPwd()'><b>signInWithvalidUnameNoPwd</b><br>Test class: testCases.SignInTest<br>Parameters: Dsalgo_Proj, group@pssu</td>
<td></td>
<td>2</td>
<td>testCases.SignInTest@1aa99005</td></tr>
<tr>
<td title='testCases.SignInTest.signInWithInvalidUnameInvalidPwd()'><b>signInWithInvalidUnameInvalidPwd</b><br>Test class: testCases.SignInTest</td>
<td></td>
<td>3</td>
<td>testCases.SignInTest@1aa99005</td></tr>
<tr>
<td title='testCases.TreeTest.terminologiesPage()'><b>terminologiesPage</b><br>Test class: testCases.TreeTest<br>Parameters: print "hello", hello</td>
<td></td>
<td>1</td>
<td>testCases.TreeTest@5cdf39b2</td></tr>
<tr>
<td title='testCases.GetStartedTest.getSarted()'><b>getSarted</b><br>Test class: testCases.GetStartedTest</td>
<td></td>
<td>0</td>
<td>testCases.GetStartedTest@dcc6211</td></tr>
<tr>
<td title='testCases.TreeTest.ovrvwOfTreesPage()'><b>ovrvwOfTreesPage</b><br>Test class: testCases.TreeTest</td>
<td></td>
<td>1</td>
<td>testCases.TreeTest@5cdf39b2</td></tr>
<tr>
<td title='testCases.RegistrationTest.afterClickingSubmitwithAllEmptyfields()'><b>afterClickingSubmitwithAllEmptyfields</b><br>Test class: testCases.RegistrationTest</td>
<td></td>
<td>1</td>
<td>testCases.RegistrationTest@cfbc8e8</td></tr>
<tr>
<td title='testCases.ArrayTest.ArrayPage()'><b>ArrayPage</b><br>Test class: testCases.ArrayTest</td>
<td></td>
<td>0</td>
<td>testCases.ArrayTest@3cd59ef5</td></tr>
<tr>
<td title='testCases.QueuePageTest.ImplementationUsingCollectionsDeque()'><b>ImplementationUsingCollectionsDeque</b><br>Test class: testCases.QueuePageTest</td>
<td></td>
<td>2</td>
<td>testCases.QueuePageTest@1cc9cfb2</td></tr>
<tr>
<td title='testCases.LinkedListTest.creatingLlistpage()'><b>creatingLlistpage</b><br>Test class: testCases.LinkedListTest<br>Parameters: print "hello", hello</td>
<td></td>
<td>1</td>
<td>testCases.LinkedListTest@a20b94b</td></tr>
<tr>
<td title='testCases.LinkedListTest.typesOfLlistPage()'><b>typesOfLlistPage</b><br>Test class: testCases.LinkedListTest</td>
<td></td>
<td>2</td>
<td>testCases.LinkedListTest@a20b94b</td></tr>
<tr>
<td title='testCases.StackPageTest.ApplicationsInStackPage()'><b>ApplicationsInStackPage</b><br>Test class: testCases.StackPageTest</td>
<td></td>
<td>1</td>
<td>testCases.StackPageTest@16073fa8</td></tr>
<tr>
<td title='testCases.RegistrationTest.RegistreTest()'><b>RegistreTest</b><br>Test class: testCases.RegistrationTest<br>Parameters: uma14@mail.com, number33, number33</td>
<td></td>
<td>3</td>
<td>testCases.RegistrationTest@cfbc8e8</td></tr>
<tr>
<td title='testCases.GraphTest.TryHereGraphOngraphPageURL()'><b>TryHereGraphOngraphPageURL</b><br>Test class: testCases.GraphTest</td>
<td></td>
<td>5</td>
<td>testCases.GraphTest@14f3c6fc</td></tr>
<tr>
<td title='testCases.RegistrationTest.afterClickingSubmitwithoutPwdCofirm()'><b>afterClickingSubmitwithoutPwdCofirm</b><br>Test class: testCases.RegistrationTest<br>Parameters: pk@mail.com, abcd12345</td>
<td></td>
<td>2</td>
<td>testCases.RegistrationTest@cfbc8e8</td></tr>
<tr>
<td title='testCases.TreeTest.treeTraversalsPage()'><b>treeTraversalsPage</b><br>Test class: testCases.TreeTest</td>
<td></td>
<td>0</td>
<td>testCases.TreeTest@5cdf39b2</td></tr>
<tr>
<td title='testCases.LinkedListTest.pracQuestionsPage()'><b>pracQuestionsPage</b><br>Test class: testCases.LinkedListTest</td>
<td></td>
<td>1</td>
<td>testCases.LinkedListTest@a20b94b</td></tr>
<tr>
<td title='testCases.LinkedListTest.traversalPage()'><b>traversalPage</b><br>Test class: testCases.LinkedListTest</td>
<td></td>
<td>1</td>
<td>testCases.LinkedListTest@a20b94b</td></tr>
</table><p>
</body>
</html>