<?xml version="1.0" encoding="UTF-8"?>
<testsuite xmlns:xsi="http://www.w3.org/2001/XMLSchema-instance" xsi:noNamespaceSchemaLocation="https://maven.apache.org/surefire/maven-surefire-plugin/xsd/surefire-test-report-3.0.xsd" version="3.0" name="TestSuite" time="237.825" tests="51" errors="0" skipped="0" failures="5">
  <properties>
[...]
</properties>
  <testcase name="getSarted" classname="testCases.GetStartedTest" time="0.832"/>
  <testcase name="signInWithInvalidUnameInvalidPwd" classname="testCases.SignInTest" time="3"/>
  <testcase name="signInWithInvalidUnamevalidPwd" classname="testCases.SignInTest" time="3.364">
    <failure message="expected [Please check your user id] but found [Invalid Username and Password]" type="java.lang.AssertionError"><![CDATA[java.lang.AssertionError: expected [Please check your user id] but found [Invalid Username and Password]
	at testCases.SignInTest.signInWithInvalidUnamevalidPwd(SignInTest.java:100)
]]></failure>
    <system-out><![CDATA[2022-06-27 15:46:06 INFO  Log:10 - =====================================signInWithInvalidUnamevalidPwd TEST START=========================================
2022-06-27 15:46:07 INFO  Log:21 - user is going to click on SignIn Link
Successfully entered value
Successfully entered value
2022-06-27 15:46:08 INFO  Log:21 - user is going to click on SignIn with invalid User name
Attaching scrshot on allure report...............
]]></system-out>
    <system-err><![CDATA[Starting ChromeDriver 102.0.5005.61 (0e59bcc00cc4985ce39ad31c150065f159d95ad3-refs/branch-heads/5005@{#819}) on port 44522
Only local connections are allowed.
Please see https://chromedriver.chromium.org/security-considerations for suggestions on keeping ChromeDriver safe.
ChromeDriver was started successfully.
Jun 27, 2022 3:46:06 PM org.openqa.selenium.remote.ProtocolHandshake createSession
INFO: Detected dialect: W3C
]]></system-err>
  </testcase>
  <testcase name="signInWithvalidUnameAndPwd" classname="testCases.SignInTest" time="3.127"/>
  <testcase name="signInWithvalidUnameInvalidPwd" classname="testCases.SignInTest" time="3.3">
    <failure message="expected [Please check your password] but found [Invalid Username and Password]" type="java.lang.AssertionError"><![CDATA[java.lang.AssertionError: expected [Please check your password] but found [Invalid Username and Password]
	at testCases.SignInTest.signInWithvalidUnameInvalidPwd(SignInTest.java:77)
]]></failure>
    <system-out><![CDATA[2022-06-27 15:46:16 INFO  Log:10 - =====================================signInWithvalidUnameInvalidPwd TEST START=========================================
2022-06-27 15:46:17 INFO  Log:21 - user is going to click on SignIn Link
Successfully entered value
Successfully entered value
2022-06-27 15:46:18 INFO  Log:21 - user is going to click on SignIn with invalid Password
Attaching scrshot on allure report...............
]]></system-out>
    <system-err><![CDATA[Starting ChromeDriver 102.0.5005.61 (0e59bcc00cc4985ce39ad31c150065f159d95ad3-refs/branch-heads/5005@{#819}) on port 57274
Only local connections are allowed.
Please see https://chromedriver.chromium.org/security-considerations for suggestions on keeping ChromeDriver safe.
ChromeDriver was started successfully.
Jun 27, 2022 3:46:16 PM org.openqa.selenium.remote.ProtocolHandshake createSession
INFO: Detected dialect: W3C
]]></system-err>
  </testcase>
  <testcase name="signInWithvalidUnameNoPwd" classname="testCases.SignInTest" time="2.831"/>
  <testcase name="signOut" classname="testCases.SignInTest" time="3.515"/>
  <testcase name="creatingLlistpage" classname="testCases.LinkedListTest" time="3.068"/>
  <testcase name="creatingLlistpage" classname="testCases.LinkedListTest" time="1.695"/>
  <testcase name="deletionPage" classname="testCases.LinkedListTest" time="2.74"/>
  <testcase name="implLlistInPyPage" classname="testCases.LinkedListTest" time="2.28"/>
  <testcase name="insertionPage" classname="testCases.LinkedListTest" time="1.85"/>
  <testcase name="introductionpage" classname="testCases.LinkedListTest" time="4.399"/>
  <testcase name="pracQuestionsPage" classname="testCases.LinkedListTest" time="1.044"/>
  <testcase name="traversalPage" classname="testCases.LinkedListTest" time="1.761"/>
  <testcase name="typesOfLlistPage" classname="testCases.LinkedListTest" time="2.534"/>
  <testcase name="binaryTreesPage" classname="testCases.TreeTest" time="1.945"/>
  <testcase name="ovrvwOfTreesPage" classname="testCases.TreeTest" time="1.083"/>
  <testcase name="pracQuestionsPage" classname="testCases.TreeTest" time="0.544"/>
  <testcase name="terminologiesPage" classname="testCases.TreeTest" time="2.062"/>
  <testcase name="terminologiesPage" classname="testCases.TreeTest" time="1.919"/>
  <testcase name="travIllustartionPage" classname="testCases.TreeTest" time="0.69"/>
  <testcase name="treeTraversalsPage" classname="testCases.TreeTest" time="0.67"/>
  <testcase name="typesOfTreesPage" classname="testCases.TreeTest" time="1.099"/>
  <testcase name="GraphRepreOngraphPageURL" classname="testCases.GraphTest" time="2.95"/>
  <testcase name="TryHereGraphOngraphPageURL" classname="testCases.GraphTest" time="5.77"/>
  <testcase name="TryHereGraphrepresenationOngraphPageURL" classname="testCases.GraphTest" time="4.476"/>
  <testcase name="graphPageURL" classname="testCases.GraphTest" time="2.349"/>
  <testcase name="ArrayPage" classname="testCases.ArrayTest" time="0.007"/>
  <testcase name="arraypython" classname="testCases.ArrayTest" time="2.541"/>
  <testcase name="clciktimecomplex" classname="testCases.DataStructTest" time="0.315"/>
  <testcase name="ApplicationsInStackPage" classname="testCases.StackPageTest" time="1.77"/>
  <testcase name="implementationInStackPage" classname="testCases.StackPageTest" time="1.684"/>
  <testcase name="operationInStackPage" classname="testCases.StackPageTest" time="1.896"/>
  <testcase name="operationInStackPage" classname="testCases.StackPageTest" time="1.835"/>
  <testcase name="stackPageURL" classname="testCases.StackPageTest" time="0.01"/>
  <testcase name="ImplementationOfQueueinPython" classname="testCases.QueuePageTest" time="1.976"/>
  <testcase name="ImplementationOfQueueinPython" classname="testCases.QueuePageTest" time="2.202"/>
  <testcase name="ImplementationUsingArray" classname="testCases.QueuePageTest" time="2.485"/>
  <testcase name="ImplementationUsingCollectionsDeque" classname="testCases.QueuePageTest" time="2.315"/>
  <testcase name="QueueOperation" classname="testCases.QueuePageTest" time="1.825"/>
  <testcase name="QueuePageURL" classname="testCases.QueuePageTest" time="0.009"/>
  <testcase name="RegistreTest" classname="testCases.RegistrationTest" time="3.285"/>
  <testcase name="RegistreTest" classname="testCases.RegistrationTest" time="3.35"/>
  <testcase name="afterClickingSubmitwithAllEmptyfields" classname="testCases.RegistrationTest" time="1.691"/>
  <testcase name="afterClickingSubmitwithoutPwdCofirm" classname="testCases.RegistrationTest" time="2.16"/>
  <testcase name="pwdsLT8CharErrrMasg" classname="testCases.RegistrationTest" time="2.164">
    <failure message="expected [Password should contain atleast 8 characters] but found [password_mismatch:The two password fields didn’t match.]" type="java.lang.AssertionError"><![CDATA[java.lang.AssertionError: expected [Password should contain atleast 8 characters] but found [password_mismatch:The two password fields didn’t match.]
	at testCases.RegistrationTest.pwdsLT8CharErrrMasg(RegistrationTest.java:264)
]]></failure>
    <system-out><![CDATA[2022-06-27 15:49:36 INFO  Log:10 - =====================================pwdsLT8CharErrrMasg TEST START=========================================
2022-06-27 15:49:36 INFO  Log:21 - user is going on Home Page
2022-06-27 15:49:37 INFO  Log:21 - user is going to click on Register Link
Select value from the DropDown
Select value from the DropDown
Select value from the DropDown
2022-06-27 15:49:38 INFO  Log:21 - reading Error Message
2022-06-27 15:49:38 INFO  Log:21 - verifying error message
Attaching scrshot on allure report...............
]]></system-out>
    <system-err><![CDATA[Starting ChromeDriver 102.0.5005.61 (0e59bcc00cc4985ce39ad31c150065f159d95ad3-refs/branch-heads/5005@{#819}) on port 39558
Only local connections are allowed.
Please see https://chromedriver.chromium.org/security-considerations for suggestions on keeping ChromeDriver safe.
ChromeDriver was started successfully.
Jun 27, 2022 3:49:36 PM org.openqa.selenium.remote.ProtocolHandshake createSession
INFO: Detected dialect: W3C
]]></system-err>
  </testcase>
  <testcase name="pwdsOnlyNumErrrMasg" classname="testCases.RegistrationTest" time="2.302">
    <failure message="expected [Your password can’t be entirely numeric.] but found [password_mismatch:The two password fields didn’t match.]" type="java.lang.AssertionError"><![CDATA[java.lang.AssertionError: expected [Your password can’t be entirely numeric.] but found [password_mismatch:The two password fields didn’t match.]
	at testCases.RegistrationTest.pwdsOnlyNumErrrMasg(RegistrationTest.java:177)
]]></failure>
    <system-out><![CDATA[2022-06-27 15:49:40 INFO  Log:10 - =====================================pwdsOnlyNumErrrMasg TEST START=========================================
2022-06-27 15:49:40 INFO  Log:21 - user is going on Home Page
2022-06-27 15:49:40 INFO  Log:21 - user is going to click on Register Link
Select value from the DropDown
Select value from the DropDown
Select value from the DropDown
2022-06-27 15:49:42 INFO  Log:21 - reading Error Message
2022-06-27 15:49:42 INFO  Log:21 - verifying error message
Attaching scrshot on allure report...............
]]></system-out>
    <system-err><![CDATA[Starting ChromeDriver 102.0.5005.61 (0e59bcc00cc4985ce39ad31c150065f159d95ad3-refs/branch-heads/5005@{#819}) on port 27223
Only local connections are allowed.
Please see https://chromedriver.chromium.org/security-considerations for suggestions on keeping ChromeDriver safe.
ChromeDriver was started successfully.
Jun 27, 2022 3:49:39 PM org.openqa.selenium.remote.ProtocolHandshake createSession
INFO: Detected dialect: W3C
]]></system-err>
  </testcase>
  <testcase name="registerPageURL" classname="testCases.RegistrationTest" time="0.858"/>
  <testcase name="userNamewithNACharcters" classname="testCases.RegistrationTest" time="2.123">
    <failure message="expected [Please enter a valid username] but found [password_mismatch:The two password fields didn’t match.]" type="java.lang.AssertionError"><![CDATA[java.lang.AssertionError: expected [Please enter a valid username] but found [password_mismatch:The two password fields didn’t match.]
	at testCases.RegistrationTest.userNamewithNACharcters(RegistrationTest.java:206)
]]></failure>
    <system-out><![CDATA[2022-06-27 15:49:45 INFO  Log:10 - =====================================userNamewithNACharcters TEST START=========================================
2022-06-27 15:49:45 INFO  Log:21 - user is going on Home Page
2022-06-27 15:49:46 INFO  Log:21 - user is going to click on Register Link
Select value from the DropDown
Select value from the DropDown
Select value from the DropDown
2022-06-27 15:49:47 INFO  Log:21 - reading Error Message
2022-06-27 15:49:47 INFO  Log:21 - verifying error message
Attaching scrshot on allure report...............
]]></system-out>
    <system-err><![CDATA[Starting ChromeDriver 102.0.5005.61 (0e59bcc00cc4985ce39ad31c150065f159d95ad3-refs/branch-heads/5005@{#819}) on port 23337
Only local connections are allowed.
Please see https://chromedriver.chromium.org/security-considerations for suggestions on keeping ChromeDriver safe.
ChromeDriver was started successfully.
Jun 27, 2022 3:49:45 PM org.openqa.selenium.remote.ProtocolHandshake createSession
INFO: Detected dialect: W3C
]]></system-err>
  </testcase>
  <testcase name="usernameHovermsg" classname="testCases.RegistrationTest" time="2.114"/>
</testsuite>